tutorials/tutorial3-completed/build/intermediates/manifest_merge_blame_file/debug/manifest-merger-blame-debug-report.txt
1<?xml version="1.0" encoding="utf-8"?>
2<manifest xmlns:android="http://schemas.android.com/apk/res/android"
3    package="com.uber.tutorial3"
4    android:versionCode="1"
5    android:versionName="1.0" >
6
7    <uses-sdk
8        android:minSdkVersion="21"
8-->src\main\AndroidManifest.xml
9        android:targetSdkVersion="28" />
9-->src\main\AndroidManifest.xml
10
11    <uses-feature
11-->src\main\AndroidManifest.xml:6:5-77
12        android:glEsVersion="0x00020000"
12-->src\main\AndroidManifest.xml:6:43-75
13        android:required="true" />
13-->src\main\AndroidManifest.xml:6:19-42
14
15    <uses-permission android:name="android.permission.INTERNET" />
15-->src\main\AndroidManifest.xml:8:5-66
15-->src\main\AndroidManifest.xml:8:22-64
16    <uses-permission android:name="android.permission.ACCESS_NETWORK_STATE" />
16-->src\main\AndroidManifest.xml:9:5-78
16-->src\main\AndroidManifest.xml:9:22-76
17
18    <application
18-->src\main\AndroidManifest.xml:11:5-27:19
19        android:name="com.uber.rib.SampleApplication"
19-->src\main\AndroidManifest.xml:12:9-54
20        android:allowBackup="false"
20-->src\main\AndroidManifest.xml:13:9-36
21        android:appComponentFactory="androidx.core.app.CoreComponentFactory"
21-->[androidx.core:core:1.5.0] AndroidManifest.xml:24:18-86
22        android:debuggable="true"
23        android:icon="@drawable/ub__ic_launcher"
23-->src\main\AndroidManifest.xml:14:9-49
24        android:label="@string/app_name"
24-->src\main\AndroidManifest.xml:15:9-41
25        android:screenOrientation="portrait"
25-->src\main\AndroidManifest.xml:16:9-45
26        android:testOnly="true"
27        android:theme="@style/Theme.AppCompat.Light" >
27-->src\main\AndroidManifest.xml:17:9-53
28        <activity
28-->src\main\AndroidManifest.xml:19:9-26:20
29            android:name="com.uber.rib.RootActivity"
29-->src\main\AndroidManifest.xml:20:13-53
30            android:exported="true" >
30-->src\main\AndroidManifest.xml:21:13-36
31            <intent-filter>
31-->src\main\AndroidManifest.xml:22:13-25:29
32                <action android:name="android.intent.action.MAIN" />
32-->src\main\AndroidManifest.xml:23:17-68
32-->src\main\AndroidManifest.xml:23:25-66
33
34                <category android:name="android.intent.category.LAUNCHER" />
34-->src\main\AndroidManifest.xml:24:17-76
34-->src\main\AndroidManifest.xml:24:27-74
35            </intent-filter>
36        </activity>
37    </application>
38
39</manifest>